<?xml version="1.0" encoding="UTF-8"?>
<!-- Generated by org.testng.reporters.JUnitXMLReporter -->
<testsuite hostname="Vish-PC" ignored="3" name="Test" tests="4" failures="1" timestamp="18 Feb 2018 21:40:45 GMT" time="2.324" errors="0">
  <testcase name="method2" time="0.009" classname="Tests.TC1"/>
  <testcase name="method2" time="0.004" classname="Tests.TC2"/>
  <testcase name="method3" time="0.006" classname="Tests.TC3">
    <failure type="java.lang.AssertionError" message="expected [true] but found [false]">
      <![CDATA[java.lang.AssertionError: expected [true] but found [false]
	at Tests.TC3.method3(TC3.java:26)
... Removed 29 stack frames]]>
    </failure>
  </testcase> <!-- method3 -->
  <testcase name="method4" time="0.002" classname="Tests.TC4"/>
  <testcase name="@BeforeSuite initDriver" time="0.0" classname="Base.Base">
    <ignored/>
  </testcase> <!-- @BeforeSuite initDriver -->
  <testcase name="@BeforeSuite initDriver" time="0.0" classname="Base.Base">
    <ignored/>
  </testcase> <!-- @BeforeSuite initDriver -->
  <testcase name="@BeforeSuite initDriver" time="0.0" classname="Base.Base">
    <ignored/>
  </testcase> <!-- @BeforeSuite initDriver -->
</testsuite> <!-- Test -->
